This is pdfTeX, Version 3.141592653-2.6-1.40.26 (TeX Live 2024) (preloaded format=pdflatex 2024.8.20)  8 NOV 2024 22:07
entering extended mode
 restricted \write18 enabled.
 file:line:error style messages enabled.
 %&-line parsing enabled.
**"/Users/hugover/Desktop/AA proj01/revdetua/report.tex"
(/Users/hugover/Desktop/AA proj01/revdetua/report.tex
LaTeX2e <2024-06-01> patch level 2
L3 programming layer <2024-07-20>
(./revdetua.cls
Document Class: revdetua 2012/09/17 v1.3l revdetua document class
(/usr/local/texlive/2024/texmf-dist/tex/generic/babel/babel.sty
Package: babel 2024/08/18 v24.8 The Babel package
\babel@savecnt=\count194
\U@D=\dimen141
\l@unhyphenated=\language89
 (/usr/local/texlive/2024/texmf-dist/tex/generic/babel/txtbabel.def)
\bbl@readstream=\read2
\bbl@dirlevel=\count195
 (/usr/local/texlive/2024/texmf-dist/tex/generic/babel-english/english.ldf
Language: english 2017/06/06 v3.3r English support from the babel system
Package babel Info: Hyphen rules for 'canadian' set to \l@english
(babel)             (\language0). Reported on input line 102.
Package babel Info: Hyphen rules for 'australian' set to \l@ukenglish
(babel)             (\language23). Reported on input line 105.
Package babel Info: Hyphen rules for 'newzealand' set to \l@ukenglish
(babel)             (\language23). Reported on input line 108.
) (/usr/local/texlive/2024/texmf-dist/tex/generic/babel-portuges/portuguese.ldf
Language: portuges 2021/07/09 v1.2t Portuguese support from the babel system
Package babel Info: Making " an active character on input line 143.
)) (/usr/local/texlive/2024/texmf-dist/tex/generic/babel/locale/pt/babel-portuguese.tex
Package babel Info: Importing font and identification data for portuguese
(babel)             from babel-pt.ini. Reported on input line 11.
) (/usr/local/texlive/2024/texmf-dist/tex/generic/babel/locale/en/babel-english.tex
Package babel Info: Importing font and identification data for english
(babel)             from babel-en.ini. Reported on input line 11.
) (/usr/local/texlive/2024/texmf-dist/tex/latex/url/url.sty
\Urlmuskip=\muskip17
Package: url 2013/09/16  ver 3.4  Verb mode for urls, etc.
)
* Please use the times option in the final version *
(/usr/local/texlive/2024/texmf-dist/tex/latex/cite/cite.sty
LaTeX Info: Redefining \cite on input line 302.
LaTeX Info: Redefining \nocite on input line 332.
Package: cite 2015/02/27  v 5.5
)
\c@section=\count196
\c@subsection=\count197
\c@subsubsection=\count198
\tmpitemindent=\dimen142
\c@figure=\count199
\c@table=\count266
\abovecaptionskip=\skip49
\belowcaptionskip=\skip50
\bibindent=\dimen143
) (/usr/local/texlive/2024/texmf-dist/tex/latex/base/inputenc.sty
Package: inputenc 2024/02/08 v1.3d Input encoding file
\inpenc@prehook=\toks17
\inpenc@posthook=\toks18
) (/usr/local/texlive/2024/texmf-dist/tex/latex/amsmath/amsmath.sty
Package: amsmath 2024/05/23 v2.17q AMS math features
\@mathmargin=\skip51

For additional information on amsmath, use the `?' option.
(/usr/local/texlive/2024/texmf-dist/tex/latex/amsmath/amstext.sty
Package: amstext 2021/08/26 v2.01 AMS text
 (/usr/local/texlive/2024/texmf-dist/tex/latex/amsmath/amsgen.sty
File: amsgen.sty 1999/11/30 v2.0 generic functions
\@emptytoks=\toks19
\ex@=\dimen144
)) (/usr/local/texlive/2024/texmf-dist/tex/latex/amsmath/amsbsy.sty
Package: amsbsy 1999/11/29 v1.2d Bold Symbols
\pmbraise@=\dimen145
) (/usr/local/texlive/2024/texmf-dist/tex/latex/amsmath/amsopn.sty
Package: amsopn 2022/04/08 v2.04 operator names
)
\inf@bad=\count267
LaTeX Info: Redefining \frac on input line 233.
\uproot@=\count268
\leftroot@=\count269
LaTeX Info: Redefining \overline on input line 398.
LaTeX Info: Redefining \colon on input line 409.
\classnum@=\count270
\DOTSCASE@=\count271
LaTeX Info: Redefining \ldots on input line 495.
LaTeX Info: Redefining \dots on input line 498.
LaTeX Info: Redefining \cdots on input line 619.
\Mathstrutbox@=\box52
\strutbox@=\box53
LaTeX Info: Redefining \big on input line 721.
LaTeX Info: Redefining \Big on input line 722.
LaTeX Info: Redefining \bigg on input line 723.
LaTeX Info: Redefining \Bigg on input line 724.
\big@size=\dimen146
LaTeX Font Info:    Redeclaring font encoding OML on input line 742.
LaTeX Font Info:    Redeclaring font encoding OMS on input line 743.
\macc@depth=\count272
LaTeX Info: Redefining \bmod on input line 904.
LaTeX Info: Redefining \pmod on input line 909.
LaTeX Info: Redefining \smash on input line 939.
LaTeX Info: Redefining \relbar on input line 969.
LaTeX Info: Redefining \Relbar on input line 970.
\c@MaxMatrixCols=\count273
\dotsspace@=\muskip18
\c@parentequation=\count274
\dspbrk@lvl=\count275
\tag@help=\toks20
\row@=\count276
\column@=\count277
\maxfields@=\count278
\andhelp@=\toks21
\eqnshift@=\dimen147
\alignsep@=\dimen148
\tagshift@=\dimen149
\tagwidth@=\dimen150
\totwidth@=\dimen151
\lineht@=\dimen152
\@envbody=\toks22
\multlinegap=\skip52
\multlinetaggap=\skip53
\mathdisplay@stack=\toks23
LaTeX Info: Redefining \[ on input line 2953.
LaTeX Info: Redefining \] on input line 2954.
) (/usr/local/texlive/2024/texmf-dist/tex/latex/comment/comment.sty
\CommentStream=\write3
 Excluding comment 'comment') (/usr/local/texlive/2024/texmf-dist/tex/latex/algorithms/algorithm.sty
Package: algorithm 2009/08/24 v0.1 Document Style `algorithm' - floating environment
 (/usr/local/texlive/2024/texmf-dist/tex/latex/float/float.sty
Package: float 2001/11/08 v1.3d Float enhancements (AL)
\c@float@type=\count279
\float@exts=\toks24
\float@box=\box54
\@float@everytoks=\toks25
\@floatcapt=\box55
) (/usr/local/texlive/2024/texmf-dist/tex/latex/base/ifthen.sty
Package: ifthen 2024/03/16 v1.1e Standard LaTeX ifthen package (DPC)
)
\@float@every@algorithm=\toks26
\c@algorithm=\count280
) (/usr/local/texlive/2024/texmf-dist/tex/latex/algorithmicx/algpseudocode.sty
Package: algpseudocode 
 (/usr/local/texlive/2024/texmf-dist/tex/latex/algorithmicx/algorithmicx.sty
Package: algorithmicx 2005/04/27 v1.2 Algorithmicx

Document Style algorithmicx 1.2 - a greatly improved `algorithmic' style
\c@ALG@line=\count281
\c@ALG@rem=\count282
\c@ALG@nested=\count283
\ALG@tlm=\skip54
\ALG@thistlm=\skip55
\c@ALG@Lnr=\count284
\c@ALG@blocknr=\count285
\c@ALG@storecount=\count286
\c@ALG@tmpcounter=\count287
\ALG@tmplength=\skip56
)
Document Style - pseudocode environments for use with the `algorithmicx' style
) (/usr/local/texlive/2024/texmf-dist/tex/latex/graphics/graphicx.sty
Package: graphicx 2021/09/16 v1.2d Enhanced LaTeX Graphics (DPC,SPQR)
 (/usr/local/texlive/2024/texmf-dist/tex/latex/graphics/keyval.sty
Package: keyval 2022/05/29 v1.15 key=value parser (DPC)
\KV@toks@=\toks27
) (/usr/local/texlive/2024/texmf-dist/tex/latex/graphics/graphics.sty
Package: graphics 2024/05/23 v1.4g Standard LaTeX Graphics (DPC,SPQR)
 (/usr/local/texlive/2024/texmf-dist/tex/latex/graphics/trig.sty
Package: trig 2023/12/02 v1.11 sin cos tan (DPC)
) (/usr/local/texlive/2024/texmf-dist/tex/latex/graphics-cfg/graphics.cfg
File: graphics.cfg 2016/06/04 v1.11 sample graphics configuration
)
Package graphics Info: Driver file: pdftex.def on input line 106.
 (/usr/local/texlive/2024/texmf-dist/tex/latex/graphics-def/pdftex.def
File: pdftex.def 2024/04/13 v1.2c Graphics/color driver for pdftex
))
\Gin@req@height=\dimen153
\Gin@req@width=\dimen154
) (/usr/local/texlive/2024/texmf-dist/tex/latex/caption/caption.sty
Package: caption 2023/08/05 v3.6o Customizing captions (AR)
 (/usr/local/texlive/2024/texmf-dist/tex/latex/caption/caption3.sty
Package: caption3 2023/07/31 v2.4d caption3 kernel (AR)
\caption@tempdima=\dimen155
\captionmargin=\dimen156
\caption@leftmargin=\dimen157
\caption@rightmargin=\dimen158
\caption@width=\dimen159
\caption@indent=\dimen160
\caption@parindent=\dimen161
\caption@hangindent=\dimen162
Package caption Info: Unknown document class (or package),
(caption)             standard defaults will be used.
Package caption Info: \@makecaption = \long macro:#1#2#3->\ifx \figurestring #3 \vskip \abovecaptionskip \sbox \@tempboxa {\small #1 - #2}\ifdim \wd \@tempboxa >\hsize \small #1 - #2 \par \else \global \@minipagefalse \hb@xt@ \hsize {\small \hfil \box \@tempboxa \hfil }\fi \else \begin {center}\small #1 \\[2pt] \scshape {#2} \end {center} \vskip \belowcaptionskip \fi  on input line 1175.
)

Package caption Warning: Unknown document class (or package),
(caption)                standard defaults will be used.
See the caption package documentation for explanation.

\c@caption@flags=\count288
\c@continuedfloat=\count289
Package caption Info: float package is loaded.
) (/usr/local/texlive/2024/texmf-dist/tex/latex/l3backend/l3backend-pdftex.def
File: l3backend-pdftex.def 2024-05-08 L3 backend support: PDF output (pdfTeX)
\l__color_backend_stack_int=\count290
\l__pdf_internal_box=\box56
) (./report.aux)
\openout1 = `report.aux'.

LaTeX Font Info:    Checking defaults for OML/cmm/m/it on input line 34.
LaTeX Font Info:    ... okay on input line 34.
LaTeX Font Info:    Checking defaults for OMS/cmsy/m/n on input line 34.
LaTeX Font Info:    ... okay on input line 34.
LaTeX Font Info:    Checking defaults for OT1/cmr/m/n on input line 34.
LaTeX Font Info:    ... okay on input line 34.
LaTeX Font Info:    Checking defaults for T1/cmr/m/n on input line 34.
LaTeX Font Info:    ... okay on input line 34.
LaTeX Font Info:    Checking defaults for TS1/cmr/m/n on input line 34.
LaTeX Font Info:    ... okay on input line 34.
LaTeX Font Info:    Checking defaults for OMX/cmex/m/n on input line 34.
LaTeX Font Info:    ... okay on input line 34.
LaTeX Font Info:    Checking defaults for U/cmr/m/n on input line 34.
LaTeX Font Info:    ... okay on input line 34.
 (/usr/local/texlive/2024/texmf-dist/tex/context/base/mkii/supp-pdf.mkii
[Loading MPS to PDF converter (version 2006.09.02).]
\scratchcounter=\count291
\scratchdimen=\dimen163
\scratchbox=\box57
\nofMPsegments=\count292
\nofMParguments=\count293
\everyMPshowfont=\toks28
\MPscratchCnt=\count294
\MPscratchDim=\dimen164
\MPnumerator=\count295
\makeMPintoPDFobject=\count296
\everyMPtoPDFconversion=\toks29
) (/usr/local/texlive/2024/texmf-dist/tex/latex/epstopdf-pkg/epstopdf-base.sty
Package: epstopdf-base 2020-01-24 v2.11 Base part for package epstopdf
Package epstopdf-base Info: Redefining graphics rule for `.eps' on input line 485.
 (/usr/local/texlive/2024/texmf-dist/tex/latex/latexconfig/epstopdf-sys.cfg
File: epstopdf-sys.cfg 2010/07/13 v1.3 Configuration of (r)epstopdf for TeX Live
))
Package caption Info: Begin \AtBeginDocument code.
Package caption Info: End \AtBeginDocument code.

Underfull \hbox (badness 2495) in paragraph at lines 46--48
[]\OT1/cmr/bx/it/9 Resumo \OT1/cmr/bx/n/9 -- Este re-lat^^Sorio apre-senta a im-ple-
 []


Underfull \vbox (badness 10000) has occurred while \output is active []



<../assets/problem.png, id=1, 556.0775pt x 339.2675pt>
File: ../assets/problem.png Graphic file (type png)
<use ../assets/problem.png>
Package pdftex.def Info: ../assets/problem.png  used on input line 69.
(pdftex.def)             Requested size: 173.28029pt x 105.72057pt.


[1{/usr/local/texlive/2024/texmf-var/fonts/map/pdftex/updmap/pdftex.map}
Non-PDF special ignored!
<special> ! userdict begin /bop-hook { 595 0 translate -1 1 scale } def end


 <../assets/problem.png>]
<../assets/exampGraph.png, id=25, 289.08pt x 433.62pt>
File: ../assets/exampGraph.png Graphic file (type png)
<use ../assets/exampGraph.png>
Package pdftex.def Info: ../assets/exampGraph.png  used on input line 94.
(pdftex.def)             Requested size: 198.02815pt x 297.04114pt.

Underfull \hbox (badness 2088) in paragraph at lines 104--105
[]\OT1/cmr/m/n/10 Este al-go-ritmo pode ser re-pre-sen-tado em pseu-
 []


Underfull \hbox (badness 10000) detected at line 113
\OT1/cmr/m/n/8 1:
 []

LaTeX Font Info:    Trying to load font information for OMS+cmr on input line 113.
(/usr/local/texlive/2024/texmf-dist/tex/latex/base/omscmr.fd
File: omscmr.fd 2023/04/13 v2.5m Standard LaTeX font definitions
)
LaTeX Font Info:    Font shape `OMS/cmr/m/n' in size <10> not available
(Font)              Font shape `OMS/cmsy/m/n' tried instead on input line 113.

Underfull \hbox (badness 10000) detected at line 114
\OT1/cmr/m/n/8 2:
 []


Underfull \hbox (badness 10000) detected at line 115
\OT1/cmr/m/n/8 3:
 []


Underfull \hbox (badness 10000) detected at line 118
\OT1/cmr/m/n/8 4:
 []


Underfull \hbox (badness 10000) detected at line 119
\OT1/cmr/m/n/8 5:
 []


Underfull \hbox (badness 10000) detected at line 120
\OT1/cmr/m/n/8 6:
 []


Underfull \hbox (badness 10000) detected at line 121
\OT1/cmr/m/n/8 7:
 []


Underfull \hbox (badness 10000) detected at line 122
\OT1/cmr/m/n/8 8:
 []


Underfull \hbox (badness 10000) detected at line 124
\OT1/cmr/m/n/8 9:
 []


Underfull \hbox (badness 10000) detected at line 125
\OT1/cmr/m/n/8 10:
 []


Underfull \hbox (badness 10000) detected at line 128
\OT1/cmr/m/n/8 11:
 []


Underfull \hbox (badness 10000) detected at line 129
\OT1/cmr/m/n/8 12:
 []


Underfull \hbox (badness 10000) detected at line 130
\OT1/cmr/m/n/8 13:
 []


Underfull \hbox (badness 10000) detected at line 131
\OT1/cmr/m/n/8 14:
 []


Underfull \hbox (badness 10000) detected at line 132
\OT1/cmr/m/n/8 15:
 []


Underfull \hbox (badness 10000) detected at line 133
\OT1/cmr/m/n/8 16:
 []


Underfull \hbox (badness 10000) detected at line 134
\OT1/cmr/m/n/8 17:
 []


Underfull \hbox (badness 10000) detected at line 136
\OT1/cmr/m/n/8 18:
 []


Underfull \hbox (badness 10000) detected at line 137
\OT1/cmr/m/n/8 19:
 []


Underfull \hbox (badness 10000) detected at line 138
\OT1/cmr/m/n/8 20:
 []


Underfull \hbox (badness 10000) detected at line 139
\OT1/cmr/m/n/8 21:
 []


Underfull \hbox (badness 10000) detected at line 140
\OT1/cmr/m/n/8 22:
 []


Underfull \hbox (badness 10000) detected at line 141
\OT1/cmr/m/n/8 23:
 []


Underfull \hbox (badness 10000) detected at line 142
\OT1/cmr/m/n/8 24:
 []


Underfull \hbox (badness 10000) detected at line 143
\OT1/cmr/m/n/8 25:
 []




Underfull \hbox (badness 1062) in paragraph at lines 155--156
[]\OT1/cmr/m/n/10 Atendendo ao al-go-ritmo de pes-quisa gu-losa com
 []


Underfull \hbox (badness 10000) detected at line 167
\OT1/cmr/m/n/8 1:
 []


Underfull \hbox (badness 10000) detected at line 170
\OT1/cmr/m/n/8 2:
 []


Underfull \hbox (badness 10000) detected at line 171
\OT1/cmr/m/n/8 3:
 []


Underfull \hbox (badness 10000) detected at line 172
\OT1/cmr/m/n/8 4:
 []


Underfull \hbox (badness 10000) detected at line 173
\OT1/cmr/m/n/8 5:
 []


Underfull \hbox (badness 10000) detected at line 174
\OT1/cmr/m/n/8 6:
 []


Underfull \hbox (badness 10000) detected at line 175
\OT1/cmr/m/n/8 7:
 []


Underfull \hbox (badness 10000) detected at line 176
\OT1/cmr/m/n/8 8:
 []


Underfull \hbox (badness 10000) detected at line 178
\OT1/cmr/m/n/8 9:
 []


Underfull \hbox (badness 10000) detected at line 181
\OT1/cmr/m/n/8 10:
 []


Underfull \hbox (badness 10000) detected at line 182
\OT1/cmr/m/n/8 11:
 []


Underfull \hbox (badness 10000) detected at line 183
\OT1/cmr/m/n/8 12:
 []


Underfull \hbox (badness 10000) detected at line 184
\OT1/cmr/m/n/8 13:
 []


Underfull \hbox (badness 10000) detected at line 185
\OT1/cmr/m/n/8 14:
 []


Underfull \hbox (badness 10000) detected at line 186
\OT1/cmr/m/n/8 15:
 []


Underfull \hbox (badness 10000) detected at line 187
\OT1/cmr/m/n/8 16:
 []


Underfull \hbox (badness 10000) detected at line 188
\OT1/cmr/m/n/8 17:
 []


Underfull \hbox (badness 10000) detected at line 189
\OT1/cmr/m/n/8 18:
 []


Underfull \hbox (badness 10000) detected at line 190
\OT1/cmr/m/n/8 19:
 []


Underfull \hbox (badness 10000) detected at line 191
\OT1/cmr/m/n/8 20:
 []


Underfull \hbox (badness 10000) detected at line 192
\OT1/cmr/m/n/8 21:
 []


Underfull \hbox (badness 10000) detected at line 193
\OT1/cmr/m/n/8 22:
 []


Underfull \hbox (badness 10000) detected at line 194
\OT1/cmr/m/n/8 23:
 []


Underfull \hbox (badness 10000) detected at line 195
\OT1/cmr/m/n/8 24:
 []


Underfull \hbox (badness 10000) detected at line 196
\OT1/cmr/m/n/8 25:
 []


Underfull \hbox (badness 10000) detected at line 197
\OT1/cmr/m/n/8 26:
 []


Underfull \hbox (badness 10000) detected at line 198
\OT1/cmr/m/n/8 27:
 []


Underfull \hbox (badness 10000) detected at line 199
\OT1/cmr/m/n/8 28:
 []


Underfull \hbox (badness 10000) detected at line 200
\OT1/cmr/m/n/8 29:
 []


Underfull \hbox (badness 10000) detected at line 201
\OT1/cmr/m/n/8 30:
 []


Underfull \hbox (badness 10000) detected at line 202
\OT1/cmr/m/n/8 31:
 []


Underfull \hbox (badness 10000) detected at line 203
\OT1/cmr/m/n/8 32:
 []


Underfull \hbox (badness 10000) detected at line 204
\OT1/cmr/m/n/8 33:
 []


Underfull \hbox (badness 10000) detected at line 206
\OT1/cmr/m/n/8 34:
 []


Underfull \hbox (badness 10000) detected at line 207
\OT1/cmr/m/n/8 35:
 []


Underfull \hbox (badness 10000) detected at line 209
\OT1/cmr/m/n/8 36:
 []



[2 <../assets/exampGraph.png>]

<../assets/numberOPS.png, id=32, 349.7868pt x 277.5168pt>
File: ../assets/numberOPS.png Graphic file (type png)
<use ../assets/numberOPS.png>
Package pdftex.def Info: ../assets/numberOPS.png  used on input line 234.
(pdftex.def)             Requested size: 198.02815pt x 157.11487pt.

Underfull \hbox (badness 2173) in paragraph at lines 241--242
\OML/cmm/m/it/10 n[]\OT1/cmr/m/n/10 )$, para o al-go-ritmo de pes-quisa exaus-tiva, e
 []



[3 <../assets/numberOPS.png>]
<../assets/execTIME.png, id=37, 349.7868pt x 277.5168pt>
File: ../assets/execTIME.png Graphic file (type png)
<use ../assets/execTIME.png>
Package pdftex.def Info: ../assets/execTIME.png  used on input line 256.
(pdftex.def)             Requested size: 198.02815pt x 157.11487pt.




[4 <../assets/execTIME.png>]
<../assets/precHEU.png, id=42, 348.1808pt x 277.5168pt>
File: ../assets/precHEU.png Graphic file (type png)
<use ../assets/precHEU.png>
Package pdftex.def Info: ../assets/precHEU.png  used on input line 291.
(pdftex.def)             Requested size: 198.02815pt x 157.83897pt.



Underfull \hbox (badness 1342) in paragraph at lines 304--305
\OT1/cmr/m/n/10 aplica^^Xc~ao des-tas abor-da-gens, nota-se que o al-go-
 []

(./report.bbl

[5 <../assets/precHEU.png>])



[6

] (./report.aux)
 ***********
LaTeX2e <2024-06-01> patch level 2
L3 programming layer <2024-07-20>
 ***********
 ) 
Here is how much of TeX's memory you used:
 5542 strings out of 473579
 94712 string characters out of 5728228
 1952957 words of memory out of 5000000
 28386 multiletter control sequences out of 15000+600000
 564979 words of font info for 60 fonts, out of 8000000 for 9000
 1141 hyphenation exceptions out of 8191
 57i,22n,66p,838b,411s stack positions out of 10000i,1000n,20000p,200000b,200000s
</usr/local/texlive/2024/texmf-dist/fonts/type1/public/amsfonts/cm/cmbx10.pfb></usr/local/texlive/2024/texmf-dist/fonts/type1/public/amsfonts/cm/cmbx12.pfb></usr/local/texlive/2024/texmf-dist/fonts/type1/public/amsfonts/cm/cmbx9.pfb></usr/local/texlive/2024/texmf-dist/fonts/type1/public/amsfonts/cm/cmbxti10.pfb></usr/local/texlive/2024/texmf-dist/fonts/type1/public/amsfonts/cm/cmcsc10.pfb></usr/local/texlive/2024/texmf-dist/fonts/type1/public/amsfonts/cm/cmex10.pfb></usr/local/texlive/2024/texmf-dist/fonts/type1/public/amsfonts/cm/cmmi10.pfb></usr/local/texlive/2024/texmf-dist/fonts/type1/public/amsfonts/cm/cmmi7.pfb></usr/local/texlive/2024/texmf-dist/fonts/type1/public/amsfonts/cm/cmr10.pfb></usr/local/texlive/2024/texmf-dist/fonts/type1/public/amsfonts/cm/cmr12.pfb></usr/local/texlive/2024/texmf-dist/fonts/type1/public/amsfonts/cm/cmr6.pfb></usr/local/texlive/2024/texmf-dist/fonts/type1/public/amsfonts/cm/cmr7.pfb></usr/local/texlive/2024/texmf-dist/fonts/type1/public/amsfonts/cm/cmr8.pfb></usr/local/texlive/2024/texmf-dist/fonts/type1/public/amsfonts/cm/cmsy10.pfb></usr/local/texlive/2024/texmf-dist/fonts/type1/public/amsfonts/cm/cmsy6.pfb></usr/local/texlive/2024/texmf-dist/fonts/type1/public/amsfonts/cm/cmsy7.pfb></usr/local/texlive/2024/texmf-dist/fonts/type1/public/amsfonts/cm/cmti10.pfb></usr/local/texlive/2024/texmf-dist/fonts/type1/public/amsfonts/cm/cmti8.pfb></usr/local/texlive/2024/texmf-dist/fonts/type1/public/amsfonts/cm/cmtt10.pfb>
Output written on report.pdf (6 pages, 2068442 bytes).
PDF statistics:
 129 PDF objects out of 1000 (max. 8388607)
 72 compressed objects within 1 object stream
 0 named destinations out of 1000 (max. 500000)
 26 words of extra memory for PDF output out of 10000 (max. 10000000)

